<?xml version="1.0" encoding="UTF-8"?>
<!-- Generated by org.testng.reporters.JUnitReportReporter -->
<testsuite skipped="0" hostname="Satyadipons-MBP" name="com.test.tests.WebpageTest" tests="1" failures="0" timestamp="06 Feb 2021 04:42:36 GMT" time="10.790" errors="0">
  <testcase name="webpageTest" time="10.790" classname="com.test.tests.WebpageTest"/>
</testsuite> <!-- com.test.tests.WebpageTest -->
